proguard-project.txt
# To enable ProGuard in your project, edit project.properties
# to define the proguard.config property as described in that file.
#
# Add project specific ProGuard rules here.
# By default, the flags in this file are appended to flags specified
# in ${sdk.dir}/tools/proguard/proguard-android.txt
# You can edit the include path and order by changing the ProGuard
# include property in project.properties.
#
# For more details, see
#   http://developer.android.com/guide/developing/tools/proguard.html

# Add any project specific keep options here:

# If your project uses WebView with JS, uncomment the following
# and specify the fully qualified class name to the JavaScript interface
# class:
#-keepclassmembers class fqcn.of.javascript.interface.for.webview {
#   public *;
#}
-dontshrink
-dontoptimize
-dontwarn com.google.android.maps.**
-dontwarn android.webkit.WebView
-dontwarn com.umeng.**
-dontwarn com.tencent.weibo.sdk.**
-dontwarn com.facebook.**


-keep enum com.facebook.**
-keepattributes Exceptions,InnerClasses,Signature
-keepattributes *Annotation*
-keepattributes SourceFile,LineNumberTable
-keep public interface com.facebook.**
-keep public interface com.tencent.**
-keep public interface com.umeng.socialize.**
-keep public interface com.umeng.socialize.sensor.**
-keep public interface com.umeng.scrshot.**
-keep public class com.umeng.socialize.* {*;}
-keep public class javax.**
-keep public class android.webkit.**
-keep class com.facebook.**
-keep class com.umeng.scrshot.**
-keep public class com.tencent.** {*;}
-keep class com.umeng.socialize.sensor.**
-keep class com.tencent.mm.sdk.modelmsg.WXMediaMessage {*;}
-keep class com.tencent.mm.sdk.modelmsg.** implements com.tencent.mm.sdk.modelmsg.WXMediaMessage$IMediaObject {*;}
-keep class im.yixin.sdk.api.YXMessage {*;}
-keep class im.yixin.sdk.api.** implements im.yixin.sdk.api.YXMessage$YXMessageData{*;}
-keep public class [your_pkg].R$*{
    public static final int *;
}



-keep class com.iflytek.cloud.**{*;}
-keep class com.iflytek.msc.**{*;}


#极光
-dontoptimize
-dontpreverify
-dontwarn cn.jpush.**
-keep class cn.jpush.** { *; }


#友盟
-keepclassmembers class * {
public <init>(org.json.JSONObject);
}
-keep public class com.cgzz.job.R$*{
public static final int *;
}

-keep public class com.umeng.fb.ui.ThreadView {
}


-keepclassmembers enum * {
    public static **[] values();
    public static ** valueOf(java.lang.String);
}



#volley
-keep class com.android.volley.** {*;}
-keep class com.android.volley.toolbox.** {*;}
-keep class com.android.volley.Response$* { *; }
-keep class com.android.volley.Request$* { *; }
-keep class com.android.volley.RequestQueue$* { *; }
-keep class com.android.volley.toolbox.HurlStack$* { *; }
-keep class com.android.volley.toolbox.ImageLoader$* { *; }




#  高德地图sdk混淆
-libraryjars   libs/android-support-v4.jar
-dontwarn android.support.v4.**    
-keep class android.support.v4.** { *; }  
-keep interface android.support.v4.app.** { *; }  
-keep public class * extends android.support.v4.**  
-keep public class * extends android.app.Fragment

-libraryjars   libs/AMap_3DMap_V2.4.1.jar
-libraryjars   libs/AMap_Services_V2.4.0.jar
-libraryjars   libs/Android_Location_V1.3.2.jar

-dontwarn com.amap.api.**   
-dontwarn com.a.a.**   
-dontwarn com.autonavi.**   

-keep class com.amap.api.**  {*;}      
-keep class com.autonavi.**  {*;}
-keep class com.a.a.**  {*;}




#  xutils
-keep class * extends java.lang.annotation.Annotation { *; }



-libraryjars libs/core-2.3.0.jar
-libraryjars libs/httpmime-4.1.3.jar
-libraryjars libs/jpush-sdk-release1.7.5.jar
-libraryjars libs/Msc.jar
-libraryjars libs/SocialSDK_sms.jar
-libraryjars libs/SocialSDK_WeiXin_1.jar
-libraryjars libs/SocialSDK_WeiXin_2.jar
-libraryjars libs/umeng_social_sdk.jar
-libraryjars libs/umeng-analytics-v5.5.3.jar
-libraryjars libs/Volley.jar
-libraryjars libs/xutils.jar