proguard/seeds.txt
com.cgzz.job.BaseActivity: BaseActivity()
com.cgzz.job.BaseFragment
com.cgzz.job.BaseFragmentActivity
com.cgzz.job.BaseFragmentActivity: BaseFragmentActivity()
com.cgzz.job.R$anim
com.cgzz.job.R$anim: int frame
com.cgzz.job.R$anim: int pop_enter
com.cgzz.job.R$anim: int pop_out
com.cgzz.job.R$anim: int rotate
com.cgzz.job.R$anim: int shake
com.cgzz.job.R$anim: int umeng_socialize_fade_in
com.cgzz.job.R$anim: int umeng_socialize_fade_out
com.cgzz.job.R$anim: int umeng_socialize_shareboard_animation_in
com.cgzz.job.R$anim: int umeng_socialize_shareboard_animation_out
com.cgzz.job.R$anim: int umeng_socialize_slide_in_from_bottom
com.cgzz.job.R$anim: int umeng_socialize_slide_out_from_bottom
com.cgzz.job.R$attr
com.cgzz.job.R$attr: int borderRadius
com.cgzz.job.R$attr: int border_inside_color
com.cgzz.job.R$attr: int border_outside_color
com.cgzz.job.R$attr: int border_thickness
com.cgzz.job.R$attr: int btn_left_selector
com.cgzz.job.R$attr: int btn_right_selector
com.cgzz.job.R$attr: int cancel_order_reason_1
com.cgzz.job.R$attr: int cancel_order_reason_2
com.cgzz.job.R$attr: int cancel_order_reason_3
com.cgzz.job.R$attr: int color_end_point
com.cgzz.job.R$attr: int dialog_publish_time_now
com.cgzz.job.R$attr: int group_title_line
com.cgzz.job.R$attr: int home_neaby_passenger_tips
com.cgzz.job.R$attr: int my_group_textcolor
com.cgzz.job.R$attr: int myroute_tab_1
com.cgzz.job.R$attr: int myroute_tab_2
com.cgzz.job.R$attr: int myroute_tab_3
com.cgzz.job.R$attr: int myroute_tab_4
com.cgzz.job.R$attr: int publish_suc_tips
com.cgzz.job.R$attr: int title_background
com.cgzz.job.R$attr: int tv_black_darkgreen_selector
com.cgzz.job.R$attr: int type
com.cgzz.job.R$attr: int unify_orange
com.cgzz.job.R$color
com.cgzz.job.R$color: int common_00000000
com.cgzz.job.R$color: int common_00a80c
com.cgzz.job.R$color: int common_09B473
com.cgzz.job.R$color: int common_0d0c1e
com.cgzz.job.R$color: int common_222231
com.cgzz.job.R$color: int common_31c531
com.cgzz.job.R$color: int common_585755
com.cgzz.job.R$color: int common_666666
com.cgzz.job.R$color: int common_CCCCCC
com.cgzz.job.R$color: int common_F37491
com.cgzz.job.R$color: int common_FF971E
com.cgzz.job.R$color: int common_QBA7FQ
com.cgzz.job.R$color: int common_aedd43
com.cgzz.job.R$color: int common_dc2f2c
com.cgzz.job.R$color: int common_e4e4e4
com.cgzz.job.R$color: int common_ebeff1
com.cgzz.job.R$color: int common_f6ede4
com.cgzz.job.R$color: int common_grey
com.cgzz.job.R$color: int common_message
com.cgzz.job.R$color: int common_red
com.cgzz.job.R$color: int common_text
com.cgzz.job.R$color: int common_title
com.cgzz.job.R$color: int common_white
com.cgzz.job.R$color: int common_yellow
com.cgzz.job.R$color: int devide_line
com.cgzz.job.R$color: int light_black
com.cgzz.job.R$color: int umeng_socialize_color_group
com.cgzz.job.R$color: int umeng_socialize_comments_bg
com.cgzz.job.R$color: int umeng_socialize_divider
com.cgzz.job.R$color: int umeng_socialize_edit_bg
com.cgzz.job.R$color: int umeng_socialize_grid_divider_line
com.cgzz.job.R$color: int umeng_socialize_list_item_bgcolor
com.cgzz.job.R$color: int umeng_socialize_list_item_textcolor
...
com.autonavi.amap.mapcore.IMapCallback
com.autonavi.amap.mapcore.IMapCallback: void OnMapSurfaceCreate(javax.microedition.khronos.opengles.GL10,com.autonavi.amap.mapcore.MapCore)
com.autonavi.amap.mapcore.IMapCallback: void OnMapSurfaceRenderer(javax.microedition.khronos.opengles.GL10,com.autonavi.amap.mapcore.MapCore,int)
com.autonavi.amap.mapcore.IMapCallback: void OnMapSufaceChanged(javax.microedition.khronos.opengles.GL10,com.autonavi.amap.mapcore.MapCore,int,int)
com.autonavi.amap.mapcore.IMapCallback: void OnMapProcessEvent(com.autonavi.amap.mapcore.MapCore)
com.autonavi.amap.mapcore.IMapCallback: void OnMapDestory(javax.microedition.khronos.opengles.GL10,com.autonavi.amap.mapcore.MapCore)
com.autonavi.amap.mapcore.IMapCallback: void OnMapDataRequired(com.autonavi.amap.mapcore.MapCore,int,java.lang.String[])
com.autonavi.amap.mapcore.IMapCallback: void OnMapLabelsRequired(com.autonavi.amap.mapcore.MapCore,int[],int)
com.autonavi.amap.mapcore.IMapCallback: void OnMapReferencechanged(com.autonavi.amap.mapcore.MapCore,java.lang.String,java.lang.String)
com.autonavi.amap.mapcore.IMapCallback: byte[] OnMapCharsWidthsRequired(com.autonavi.amap.mapcore.MapCore,int[],int,int)
com.autonavi.amap.mapcore.IMapCallback: void onSetParameter(com.autonavi.amap.mapcore.MapCore)
com.autonavi.amap.mapcore.IPoint
com.autonavi.amap.mapcore.IPoint: int x
com.autonavi.amap.mapcore.IPoint: int y
com.autonavi.amap.mapcore.IPoint: IPoint()
com.autonavi.amap.mapcore.IPoint: IPoint(int,int)
com.autonavi.amap.mapcore.IPoint: java.lang.Object clone()
com.autonavi.amap.mapcore.MapCore
com.autonavi.amap.mapcore.MapCore: int TEXTURE_ICON
com.autonavi.amap.mapcore.MapCore: int TEXTURE_BACKGROUND
com.autonavi.amap.mapcore.MapCore: int TEXTURE_ROADARROW
com.autonavi.amap.mapcore.MapCore: int TEXTURE_ROADROUND
com.autonavi.amap.mapcore.MapCore: int TEXTURE_TMC_RED
com.autonavi.amap.mapcore.MapCore: int TEXTURE_TMC_YELLOW
com.autonavi.amap.mapcore.MapCore: int TEXTURE_TMC_GREEN
com.autonavi.amap.mapcore.MapCore: int TEXTURE_TMC_BLACK
com.autonavi.amap.mapcore.MapCore: int TEXTURE_RAILWAY
com.autonavi.amap.mapcore.MapCore: int AM_DATA_BASEMAP
com.autonavi.amap.mapcore.MapCore: int AM_DATA_GEO_BUILDING
com.autonavi.amap.mapcore.MapCore: int AM_DATA_BMP_BASEMAP
com.autonavi.amap.mapcore.MapCore: int AM_DATA_SATELLITE
com.autonavi.amap.mapcore.MapCore: int AM_DATA_VEC_TMC
com.autonavi.amap.mapcore.MapCore: int AM_DATA_SCREEN
com.autonavi.amap.mapcore.MapCore: int AM_DATA_MODEL
com.autonavi.amap.mapcore.MapCore: int MAPRENDER_ENTER
com.autonavi.amap.mapcore.MapCore: int MAPRENDER_BASEMAPBEGIN
com.autonavi.amap.mapcore.MapCore: int MAPRENDER_BUILDINGBEGIN
com.autonavi.amap.mapcore.MapCore: int MAPRENDER_LABELSBEGIN
com.autonavi.amap.mapcore.MapCore: int MAPRENDER_RENDEROVER
com.autonavi.amap.mapcore.MapCore: int MAPRENDER_NOMORENEEDRENDER
com.autonavi.amap.mapcore.MapCore: java.lang.Object mut_lock
com.autonavi.amap.mapcore.MapCore: android.view.View view