proguard/mapping.txt
com.cgzz.job.BaseActivity -> com.cgzz.job.a:
    android.app.ProgressDialog waitDialog -> a
    com.cgzz.job.application.GlobalVariables application -> b
    java.lang.String AccessType -> c
    int TITLE_TYPE_TEXT -> d
    int TITLE_TYPE_IMG -> e
    com.android.volley.toolbox.ImageLoader mImageLoader -> f
    com.cgzz.job.view.CustomProgressDialog dialog -> g
    45:45:void onReceive(android.content.Context,android.content.Intent) -> a
    49:57:void onCreate(android.os.Bundle) -> onCreate
    61:63:void onDestroy() -> onDestroy
    67:69:void onPause() -> onPause
    81:83:void onResume() -> onResume
    87:88:void onStop() -> onStop
    120:141:void showWaitDialog() -> a
    144:154:void dismissWaitDialog() -> b
    162:181:void showWaitDialog2() -> c
    184:194:void dismissWaitDialog2() -> d
    199:266:void setTitle(java.lang.Object,boolean,int,java.lang.Object,boolean,int,java.lang.Object) -> a
com.cgzz.job.BaseActivity$1 -> com.cgzz.job.b:
    com.cgzz.job.BaseActivity this$0 -> a
    123:138:void run() -> run
com.cgzz.job.BaseActivity$2 -> com.cgzz.job.c:
    com.cgzz.job.BaseActivity this$0 -> a
    147:151:void run() -> run
com.cgzz.job.BaseActivity$3 -> com.cgzz.job.d:
    com.cgzz.job.BaseActivity this$0 -> a
    166:178:void run() -> run
com.cgzz.job.BaseActivity$4 -> com.cgzz.job.e:
    com.cgzz.job.BaseActivity this$0 -> a
    187:191:void run() -> run
com.cgzz.job.BaseActivity$BitmapCache -> com.cgzz.job.a$a:
    android.support.v4.util.LruCache mCache -> b
    com.cgzz.job.BaseActivity this$0 -> a
    106:106:android.graphics.Bitmap getBitmap(java.lang.String) -> getBitmap
    111:112:void putBitmap(java.lang.String,android.graphics.Bitmap) -> putBitmap
com.cgzz.job.BaseActivity$BitmapCache$1 -> com.cgzz.job.f:
    com.cgzz.job.BaseActivity$BitmapCache this$1 -> a
    98:98:int sizeOf(java.lang.String,android.graphics.Bitmap) -> a
    1:1:int sizeOf(java.lang.Object,java.lang.Object) -> sizeOf
com.cgzz.job.BaseActivityCloseListener -> com.cgzz.job.g:
    void onFinish() -> a
com.cgzz.job.BaseFragment -> com.cgzz.job.BaseFragment:
    android.app.ProgressDialog waitDialog -> a
    com.cgzz.job.application.GlobalVariables application -> b
    21:25:void onCreate(android.os.Bundle) -> onCreate
    29:31:void onDestroy() -> onDestroy
    35:37:void onResume() -> onResume
    42:43:void onPause() -> onPause
    49:73:void showWaitDialog() -> a
    77:90:void dismissDialog() -> b
com.cgzz.job.BaseFragment$1 -> com.cgzz.job.h:
    com.cgzz.job.BaseFragment this$0 -> a
    52:70:void run() -> run
com.cgzz.job.BaseFragment$2 -> com.cgzz.job.i:
    com.cgzz.job.BaseFragment this$0 -> a
    80:84:void run() -> run
com.cgzz.job.BaseFragmentActivity -> com.cgzz.job.BaseFragmentActivity:
    android.app.ProgressDialog waitDialog -> a
    com.cgzz.job.application.GlobalVariables application -> b
    int TITLE_TYPE_TEXT -> c
    int TITLE_TYPE_IMG -> d
    33:39:void onCreate(android.os.Bundle) -> onCreate
    43:45:void onDestroy() -> onDestroy
    49:51:void onPause() -> onPause
    55:57:void onResume() -> onResume
    61:62:void onStop() -> onStop
    68:92:void showWaitDialog() -> a
    95:105:void dismissDialog() -> b
    110:177:void setTitle(java.lang.Object,boolean,int,java.lang.Object,boolean,int,java.lang.Object) -> a
com.cgzz.job.BaseFragmentActivity$1 -> com.cgzz.job.j:
    com.cgzz.job.BaseFragmentActivity this$0 -> a
    71:89:void run() -> run
com.cgzz.job.BaseFragmentActivity$2 -> com.cgzz.job.k:
    com.cgzz.job.BaseFragmentActivity this$0 -> a
    98:102:void run() -> run
com.cgzz.job.BuildConfig -> com.cgzz.job.l:
    boolean DEBUG -> a
com.cgzz.job.Manifest -> com.cgzz.job.m:
com.cgzz.job.Manifest$permission -> com.cgzz.job.m$a:
    java.lang.String JPUSH_MESSAGE -> a
com.cgzz.job.OnReceiverListener -> com.cgzz.job.n:
    void onReceive(android.content.Context,android.content.Intent) -> a
...
com.amap.api.services.route.h -> com.amap.api.services.route.h:
    165:165:com.amap.api.services.route.DriveStep a(android.os.Parcel) -> a
    170:170:com.amap.api.services.route.DriveStep[] a(int) -> a
    161:161:java.lang.Object[] newArray(int) -> newArray
    161:161:java.lang.Object createFromParcel(android.os.Parcel) -> createFromParcel
com.amap.api.services.route.i -> com.amap.api.services.route.i:
    49:49:com.amap.api.services.route.Path a(android.os.Parcel) -> a
    54:54:com.amap.api.services.route.Path[] a(int) -> a
    45:45:java.lang.Object[] newArray(int) -> newArray
    45:45:java.lang.Object createFromParcel(android.os.Parcel) -> createFromParcel
com.amap.api.services.route.j -> com.amap.api.services.route.j:
    105:105:com.amap.api.services.route.RouteBusLineItem a(android.os.Parcel) -> a
    110:110:com.amap.api.services.route.RouteBusLineItem[] a(int) -> a
    101:101:java.lang.Object[] newArray(int) -> newArray
    101:101:java.lang.Object createFromParcel(android.os.Parcel) -> createFromParcel
com.amap.api.services.route.k -> com.amap.api.services.route.k:
    55:55:com.amap.api.services.route.RouteBusWalkItem a(android.os.Parcel) -> a
    60:60:com.amap.api.services.route.RouteBusWalkItem[] a(int) -> a
    51:51:java.lang.Object[] newArray(int) -> newArray
    51:51:java.lang.Object createFromParcel(android.os.Parcel) -> createFromParcel
com.amap.api.services.route.l -> com.amap.api.services.route.l:
    51:51:com.amap.api.services.route.RouteResult a(android.os.Parcel) -> a
    56:56:com.amap.api.services.route.RouteResult[] a(int) -> a
    47:47:java.lang.Object[] newArray(int) -> newArray
    47:47:java.lang.Object createFromParcel(android.os.Parcel) -> createFromParcel
com.amap.api.services.route.m -> com.amap.api.services.route.m:
    com.amap.api.services.route.RouteSearch a -> a
    312:337:void handleMessage(android.os.Message) -> handleMessage
com.amap.api.services.route.n -> com.amap.api.services.route.n:
    410:410:com.amap.api.services.route.RouteSearch$BusRouteQuery a(android.os.Parcel) -> a
    415:415:com.amap.api.services.route.RouteSearch$BusRouteQuery[] a(int) -> a
    406:406:java.lang.Object[] newArray(int) -> newArray
    406:406:java.lang.Object createFromParcel(android.os.Parcel) -> createFromParcel
com.amap.api.services.route.o -> com.amap.api.services.route.o:
    707:707:com.amap.api.services.route.RouteSearch$DriveRouteQuery a(android.os.Parcel) -> a
    712:712:com.amap.api.services.route.RouteSearch$DriveRouteQuery[] a(int) -> a
    703:703:java.lang.Object[] newArray(int) -> newArray
    703:703:java.lang.Object createFromParcel(android.os.Parcel) -> createFromParcel
com.amap.api.services.route.p -> com.amap.api.services.route.p:
    229:229:com.amap.api.services.route.RouteSearch$FromAndTo a(android.os.Parcel) -> a
    234:234:com.amap.api.services.route.RouteSearch$FromAndTo[] a(int) -> a
    225:225:java.lang.Object[] newArray(int) -> newArray
    225:225:java.lang.Object createFromParcel(android.os.Parcel) -> createFromParcel
com.amap.api.services.route.q -> com.amap.api.services.route.q:
    510:510:com.amap.api.services.route.RouteSearch$WalkRouteQuery a(android.os.Parcel) -> a
    515:515:com.amap.api.services.route.RouteSearch$WalkRouteQuery[] a(int) -> a
    506:506:java.lang.Object[] newArray(int) -> newArray
    506:506:java.lang.Object createFromParcel(android.os.Parcel) -> createFromParcel
com.amap.api.services.route.r -> com.amap.api.services.route.r:
    44:44:com.amap.api.services.route.RouteSearchCity a(android.os.Parcel) -> a
    49:49:com.amap.api.services.route.RouteSearchCity[] a(int) -> a
    40:40:java.lang.Object[] newArray(int) -> newArray
    40:40:java.lang.Object createFromParcel(android.os.Parcel) -> createFromParcel